Address already in use
Port 4500 is in use by another program. Either identify and stop that program, or start the server with a different port.
Address already in use
Port 4500 is in use by another program. Either identify and stop that program, or start the server with a different port.
Address already in use
Port 4500 is in use by another program. Either identify and stop that program, or start the server with a different port.
Address already in use
Port 4500 is in use by another program. Either identify and stop that program, or start the server with a different port.
Address already in use
Port 4500 is in use by another program. Either identify and stop that program, or start the server with a different port.
Address already in use
Port 4500 is in use by another program. Either identify and stop that program, or start the server with a different port.
Address already in use
Port 4500 is in use by another program. Either identify and stop that program, or start the server with a different port.
Address already in use
Port 4500 is in use by another program. Either identify and stop that program, or start the server with a different port.
Address already in use
Port 4500 is in use by another program. Either identify and stop that program, or start the server with a different port.
Address already in use
Port 4500 is in use by another program. Either identify and stop that program, or start the server with a different port.
Address already in use
Port 4500 is in use by another program. Either identify and stop that program, or start the server with a different port.
Address already in use
Port 4500 is in use by another program. Either identify and stop that program, or start the server with a different port.
Address already in use
Port 4500 is in use by another program. Either identify and stop that program, or start the server with a different port.
Address already in use
Port 4500 is in use by another program. Either identify and stop that program, or start the server with a different port.
Address already in use
Port 4500 is in use by another program. Either identify and stop that program, or start the server with a different port.
Address already in use
Port 4500 is in use by another program. Either identify and stop that program, or start the server with a different port.
Address already in use
Port 4500 is in use by another program. Either identify and stop that program, or start the server with a different port.
Address already in use
Port 4500 is in use by another program. Either identify and stop that program, or start the server with a different port.
Address already in use
Port 4500 is in use by another program. Either identify and stop that program, or start the server with a different port.
Address already in use
Port 4500 is in use by another program. Either identify and stop that program, or start the server with a different port.
Address already in use
Port 4500 is in use by another program. Either identify and stop that program, or start the server with a different port.
Address already in use
Port 4500 is in use by another program. Either identify and stop that program, or start the server with a different port.
Address already in use
Port 4500 is in use by another program. Either identify and stop that program, or start the server with a different port.
Address already in use
Port 4500 is in use by another program. Either identify and stop that program, or start the server with a different port.
Address already in use
Port 4500 is in use by another program. Either identify and stop that program, or start the server with a different port.
Address already in use
Port 4500 is in use by another program. Either identify and stop that program, or start the server with a different port.
Address already in use
Port 4500 is in use by another program. Either identify and stop that program, or start the server with a different port.
Address already in use
Port 4500 is in use by another program. Either identify and stop that program, or start the server with a different port.
Address already in use
Port 4500 is in use by another program. Either identify and stop that program, or start the server with a different port.
Address already in use
Port 4500 is in use by another program. Either identify and stop that program, or start the server with a different port.
Address already in use
Port 4500 is in use by another program. Either identify and stop that program, or start the server with a different port.
Address already in use
Port 4500 is in use by another program. Either identify and stop that program, or start the server with a different port.
Address already in use
Port 4500 is in use by another program. Either identify and stop that program, or start the server with a different port.
Address already in use
Port 4500 is in use by another program. Either identify and stop that program, or start the server with a different port.
Address already in use
Port 4500 is in use by another program. Either identify and stop that program, or start the server with a different port.
Address already in use
Port 4500 is in use by another program. Either identify and stop that program, or start the server with a different port.
Address already in use
Port 4500 is in use by another program. Either identify and stop that program, or start the server with a different port.
Address already in use
Port 4500 is in use by another program. Either identify and stop that program, or start the server with a different port.
Address already in use
Port 4500 is in use by another program. Either identify and stop that program, or start the server with a different port.
Address already in use
Port 4500 is in use by another program. Either identify and stop that program, or start the server with a different port.
Address already in use
Port 4500 is in use by another program. Either identify and stop that program, or start the server with a different port.
Address already in use
Port 4500 is in use by another program. Either identify and stop that program, or start the server with a different port.
Address already in use
Port 4500 is in use by another program. Either identify and stop that program, or start the server with a different port.
Address already in use
Port 4500 is in use by another program. Either identify and stop that program, or start the server with a different port.
Address already in use
Port 4500 is in use by another program. Either identify and stop that program, or start the server with a different port.
Address already in use
Port 4500 is in use by another program. Either identify and stop that program, or start the server with a different port.
Address already in use
Port 4500 is in use by another program. Either identify and stop that program, or start the server with a different port.
Address already in use
Port 4500 is in use by another program. Either identify and stop that program, or start the server with a different port.
Address already in use
Port 4500 is in use by another program. Either identify and stop that program, or start the server with a different port.
Address already in use
Port 4500 is in use by another program. Either identify and stop that program, or start the server with a different port.
Address already in use
Port 4500 is in use by another program. Either identify and stop that program, or start the server with a different port.
Address already in use
Port 4500 is in use by another program. Either identify and stop that program, or start the server with a different port.
Address already in use
Port 4500 is in use by another program. Either identify and stop that program, or start the server with a different port.
Address already in use
Port 4500 is in use by another program. Either identify and stop that program, or start the server with a different port.
Address already in use
Port 4500 is in use by another program. Either identify and stop that program, or start the server with a different port.
Address already in use
Port 4500 is in use by another program. Either identify and stop that program, or start the server with a different port.
Address already in use
Port 4500 is in use by another program. Either identify and stop that program, or start the server with a different port.
Address already in use
Port 4500 is in use by another program. Either identify and stop that program, or start the server with a different port.
Address already in use
Port 4500 is in use by another program. Either identify and stop that program, or start the server with a different port.
Address already in use
Port 4500 is in use by another program. Either identify and stop that program, or start the server with a different port.
Address already in use
Port 4500 is in use by another program. Either identify and stop that program, or start the server with a different port.
Address already in use
Port 4500 is in use by another program. Either identify and stop that program, or start the server with a different port.
Address already in use
Port 4500 is in use by another program. Either identify and stop that program, or start the server with a different port.
Address already in use
Port 4500 is in use by another program. Either identify and stop that program, or start the server with a different port.
Address already in use
Port 4500 is in use by another program. Either identify and stop that program, or start the server with a different port.
Address already in use
Port 4500 is in use by another program. Either identify and stop that program, or start the server with a different port.
Address already in use
Port 4500 is in use by another program. Either identify and stop that program, or start the server with a different port.
Address already in use
Port 4500 is in use by another program. Either identify and stop that program, or start the server with a different port.
Address already in use
Port 4500 is in use by another program. Either identify and stop that program, or start the server with a different port.
Address already in use
Port 4500 is in use by another program. Either identify and stop that program, or start the server with a different port.
Address already in use
Port 4500 is in use by another program. Either identify and stop that program, or start the server with a different port.
Address already in use
Port 4500 is in use by another program. Either identify and stop that program, or start the server with a different port.
Address already in use
Port 4500 is in use by another program. Either identify and stop that program, or start the server with a different port.
Address already in use
Port 4500 is in use by another program. Either identify and stop that program, or start the server with a different port.
[31m[1mWARNING: This is a development server. Do not use it in a production deployment. Use a production WSGI server instead.[0m
 * Running on all addresses (0.0.0.0)
 * Running on http://127.0.0.1:4500
 * Running on http://10.50.30.25:4500
[33mPress CTRL+C to quit[0m
 * Restarting with stat
 * Debugger is active!
 * Debugger PIN: 224-690-427
 * Detected change in '/root/audio/audio.py', reloading
 * Restarting with stat
 * Debugger is active!
 * Debugger PIN: 258-211-400
 * Detected change in '/root/audio/audio.py', reloading
 * Restarting with stat
 * Debugger is active!
 * Debugger PIN: 851-040-112
 * Detected change in '/root/audio/audio.py', reloading
 * Restarting with stat
 * Debugger is active!
 * Debugger PIN: 139-428-845
 * Detected change in '/root/audio/audio.py', reloading
 * Restarting with stat
 * Debugger is active!
 * Debugger PIN: 134-640-406
 * Detected change in '/root/audio/audio.py', reloading
 * Restarting with stat
 * Debugger is active!
 * Debugger PIN: 536-174-669
